#
# There is insufficient memory for the Java Runtime Environment to continue.
# Native memory allocation (mmap) failed to map 264241152 bytes for G1 virtual space
# Possible reasons:
#   The system is out of physical RAM or swap space
#   The process is running with CompressedOops enabled, and the Java Heap may be blocking the growth of the native heap
# Possible solutions:
#   Reduce memory load on the system
#   Increase physical memory or swap space
#   Check if swap backing store is full
#   Decrease Java heap size (-Xmx/-Xms)
#   Decrease number of Java threads
#   Decrease Java thread stack sizes (-Xss)
#   Set larger code cache with -XX:ReservedCodeCacheSize=
#   JVM is running with Zero Based Compressed Oops mode in which the Java heap is
#     placed in the first 32GB address space. The Java Heap base address is the
#     maximum limit for the native heap growth. Please use -XX:HeapBaseMinAddress
#     to set the Java Heap base and to place the Java Heap above 32GB virtual address.
# This output file may be truncated or incomplete.
#
#  Out of Memory Error (os_windows.cpp:3603), pid=10180, tid=27708
#
# JRE version:  (21.0.8+12) (build )
# Java VM: Java HotSpot(TM) 64-Bit Server VM (21.0.8+12-LTS-250, mixed mode, sharing, tiered, compressed oops, compressed class ptrs, g1 gc, windows-amd64)
# No core dump will be written. Minidumps are not enabled by default on client versions of Windows
#

---------------  S U M M A R Y ------------

Command Line: -Dnet.bytebuddy.agent.attacher.dump= net.bytebuddy.agent.Attacher com.sun.tools.attach.VirtualMachine 23512 C:\Users\golla\.m2\repository\net\bytebuddy\byte-buddy-agent\1.17.7\byte-buddy-agent-1.17.7.jar false 

Host: 11th Gen Intel(R) Core(TM) i7-1165G7 @ 2.80GHz, 8 cores, 15G,  Windows 11 , 64 bit Build 26100 (10.0.26100.5074)
Time: Thu Sep 25 18:38:25 2025 Central Daylight Time elapsed time: 0.013010 seconds (0d 0h 0m 0s)

---------------  T H R E A D  ---------------

Current thread (0x0000017c1254efa0):  JavaThread "Unknown thread" [_thread_in_vm, id=27708, stack(0x0000004cd8100000,0x0000004cd8200000) (1024K)]

Stack: [0x0000004cd8100000,0x0000004cd8200000]
Native frames: (J=compiled Java code, j=interpreted, Vv=VM code, C=native code)
V  [jvm.dll+0x6cc179]
V  [jvm.dll+0x8584c1]
V  [jvm.dll+0x85a9ee]
V  [jvm.dll+0x85b0c3]
V  [jvm.dll+0x27ebf6]
V  [jvm.dll+0x6c88f5]
V  [jvm.dll+0x6bd45a]
V  [jvm.dll+0x354b1a]
V  [jvm.dll+0x35c796]
V  [jvm.dll+0x3af85e]
V  [jvm.dll+0x3afb08]
V  [jvm.dll+0x328e2c]
V  [jvm.dll+0x32998b]
V  [jvm.dll+0x821879]
V  [jvm.dll+0x3bc541]
V  [jvm.dll+0x80aaf8]
V  [jvm.dll+0x45172e]
V  [jvm.dll+0x453321]
C  [jli.dll+0x52a3]
C  [ucrtbase.dll+0x37b0]
C  [KERNEL32.DLL+0x2e8d7]
C  [ntdll.dll+0x8d9c]


---------------  P R O C E S S  ---------------

Threads class SMR info:
_java_thread_list=0x00007fff0c1cfc48, length=0, elements={
}

Java Threads: ( => current thread )
Total: 0

Other Threads:
  0x0000017c147bf450 WorkerThread "GC Thread#0"                     [id=13576, stack(0x0000004cd8200000,0x0000004cd8300000) (1024K)]
  0x0000017c147d0e80 ConcurrentGCThread "G1 Main Marker"            [id=23704, stack(0x0000004cd8300000,0x0000004cd8400000) (1024K)]
  0x0000017c147d2d30 WorkerThread "G1 Conc#0"                       [id=19796, stack(0x0000004cd8400000,0x0000004cd8500000) (1024K)]

[error occurred during error reporting (printing all threads), id 0xc0000005, EXCEPTION_ACCESS_VIOLATION (0xc0000005) at pc=0x00007fff0b93b5b7]
VM state: not at safepoint (not fully initialized)

VM Mutex/Monitor currently owned by a thread:  ([mutex/lock_event])
[0x00007fff0c240f50] Heap_lock - owner thread: 0x0000017c1254efa0

Heap address: 0x0000000704200000, size: 4030 MB, Compressed Oops mode: Zero based, Oop shift amount: 3

CDS archive(s) mapped at: [0x0000000000000000-0x0000000000000000-0x0000000000000000), size 0, SharedBaseAddress: 0x0000000800000000, ArchiveRelocationMode: 1.
Narrow klass base: 0x0000000000000000, Narrow klass shift: 0, Narrow klass range: 0x0

GC Precious Log:
 CardTable entry size: 512
 Card Set container configuration: InlinePtr #cards 4 size 8 Array Of Cards #cards 16 size 48 Howl #buckets 8 coarsen threshold 3686 Howl Bitmap #cards 512 size 80 coarsen threshold 460 Card regions per heap region 1 cards per card region 4096

Heap:
 garbage-first heap   total 0K, used 0K [0x0000000704200000, 0x0000000800000000)
  region size 2048K, 0 young (0K), 0 survivors (0K)

[error occurred during error reporting (printing heap information), id 0xc0000005, EXCEPTION_ACCESS_VIOLATION (0xc0000005) at pc=0x00007fff0bd251e9]
GC Heap History (0 events):
No events

Dll operation events (1 events):
Event: 0.008 Loaded shared library C:\Program Files\Java\jdk-21\bin\java.dll

Deoptimization events (0 events):
No events

Classes loaded (0 events):
No events

Classes unloaded (0 events):
No events

Classes redefined (0 events):
No events

Internal exceptions (0 events):
No events

ZGC Phase Switch (0 events):
No events

VM Operations (0 events):
No events

Events (0 events):
No events


Dynamic libraries:
0x00007ff76c8e0000 - 0x00007ff76c8f0000 	C:\Program Files\Java\jdk-21\bin\java.exe
0x00007fffed540000 - 0x00007fffed7a9000 	C:\WINDOWS\SYSTEM32\ntdll.dll
0x00007fffec230000 - 0x00007fffec2f9000 	C:\WINDOWS\System32\KERNEL32.DLL
0x00007fffead70000 - 0x00007fffeb163000 	C:\WINDOWS\System32\KERNELBASE.dll
0x00007fffeac20000 - 0x00007fffead6b000 	C:\WINDOWS\System32\ucrtbase.dll
0x00007fffd7650000 - 0x00007fffd766b000 	C:\Program Files\Java\jdk-21\bin\VCRUNTIME140.dll
0x00007fffd7670000 - 0x00007fffd7689000 	C:\Program Files\Java\jdk-21\bin\jli.dll
0x00007fffec300000 - 0x00007fffec3b4000 	C:\WINDOWS\System32\ADVAPI32.dll
0x00007fffec180000 - 0x00007fffec229000 	C:\WINDOWS\System32\msvcrt.dll
0x00007fffeb6e0000 - 0x00007fffeb786000 	C:\WINDOWS\System32\sechost.dll
0x00007fffeb930000 - 0x00007fffeba48000 	C:\WINDOWS\System32\RPCRT4.dll
0x00007fffeb320000 - 0x00007fffeb4e4000 	C:\WINDOWS\System32\USER32.dll
0x00007fffeb2e0000 - 0x00007fffeb307000 	C:\WINDOWS\System32\win32u.dll
0x00007fffd4f80000 - 0x00007fffd5213000 	C:\WINDOWS\WinSxS\amd64_microsoft.windows.common-controls_6595b64144ccf1df_6.0.26100.5074_none_3e0d6f78e32fd63f\COMCTL32.dll
0x00007fffeb4f0000 - 0x00007fffeb51b000 	C:\WINDOWS\System32\GDI32.dll
0x00007fffeaaf0000 - 0x00007fffeac1d000 	C:\WINDOWS\System32\gdi32full.dll
0x00007fffea910000 - 0x00007fffea9b3000 	C:\WINDOWS\System32\msvcp_win.dll
0x00007fffe0570000 - 0x00007fffe057b000 	C:\WINDOWS\SYSTEM32\VERSION.dll
0x00007fffec140000 - 0x00007fffec16f000 	C:\WINDOWS\System32\IMM32.DLL
0x00007fffd7640000 - 0x00007fffd764c000 	C:\Program Files\Java\jdk-21\bin\vcruntime140_1.dll
0x00007fffd75b0000 - 0x00007fffd763e000 	C:\Program Files\Java\jdk-21\bin\msvcp140.dll
0x00007fff0b600000 - 0x00007fff0c31d000 	C:\Program Files\Java\jdk-21\bin\server\jvm.dll
0x00007fffeb790000 - 0x00007fffeb804000 	C:\WINDOWS\System32\WS2_32.dll
0x00007fffea550000 - 0x00007fffea5ae000 	C:\WINDOWS\SYSTEM32\POWRPROF.dll
0x00007fffe0a70000 - 0x00007fffe0aa5000 	C:\WINDOWS\SYSTEM32\WINMM.dll
0x00007fffea530000 - 0x00007fffea544000 	C:\WINDOWS\SYSTEM32\UMPDC.dll
0x00007fffe94b0000 - 0x00007fffe94cb000 	C:\WINDOWS\SYSTEM32\kernel.appcore.dll
0x00007fffd75a0000 - 0x00007fffd75aa000 	C:\Program Files\Java\jdk-21\bin\jimage.dll
0x00007fffe7d00000 - 0x00007fffe7f42000 	C:\WINDOWS\SYSTEM32\DBGHELP.DLL
0x00007fffec560000 - 0x00007fffec8db000 	C:\WINDOWS\System32\combase.dll
0x00007fffeb5b0000 - 0x00007fffeb687000 	C:\WINDOWS\System32\OLEAUT32.dll
0x00007fffd4f40000 - 0x00007fffd4f7d000 	C:\WINDOWS\SYSTEM32\dbgcore.DLL
0x00007fffea9c0000 - 0x00007fffeaa59000 	C:\WINDOWS\System32\bcryptPrimitives.dll
0x00007fffd7580000 - 0x00007fffd759f000 	C:\Program Files\Java\jdk-21\bin\java.dll

dbghelp: loaded successfully - version: 4.0.5 - missing functions: none
symbol engine: initialized successfully - sym options: 0x614 - pdb path: .;C:\Program Files\Java\jdk-21\bin;C:\WINDOWS\SYSTEM32;C:\WINDOWS\WinSxS\amd64_microsoft.windows.common-controls_6595b64144ccf1df_6.0.26100.5074_none_3e0d6f78e32fd63f;C:\Program Files\Java\jdk-21\bin\server

VM Arguments:
jvm_args: -Dnet.bytebuddy.agent.attacher.dump= 
java_command: net.bytebuddy.agent.Attacher com.sun.tools.attach.VirtualMachine 23512 C:\Users\golla\.m2\repository\net\bytebuddy\byte-buddy-agent\1.17.7\byte-buddy-agent-1.17.7.jar false 
java_class_path (initial): C:\Users\golla\.m2\repository\net\bytebuddy\byte-buddy-agent\1.17.7\byte-buddy-agent-1.17.7.jar
Launcher Type: SUN_STANDARD

[Global flags]
     intx CICompilerCount                          = 4                                         {product} {ergonomic}
     uint ConcGCThreads                            = 2                                         {product} {ergonomic}
     uint G1ConcRefinementThreads                  = 8                                         {product} {ergonomic}
   size_t G1HeapRegionSize                         = 2097152                                   {product} {ergonomic}
    uintx GCDrainStackTargetSize                   = 64                                        {product} {ergonomic}
   size_t InitialHeapSize                          = 264241152                                 {product} {ergonomic}
   size_t MarkStackSize                            = 4194304                                   {product} {ergonomic}
   size_t MaxHeapSize                              = 4225761280                                {product} {ergonomic}
   size_t MinHeapDeltaBytes                        = 2097152                                   {product} {ergonomic}
   size_t MinHeapSize                              = 8388608                                   {product} {ergonomic}
    uintx NonNMethodCodeHeapSize                   = 5839372                                {pd product} {ergonomic}
    uintx NonProfiledCodeHeapSize                  = 122909434                              {pd product} {ergonomic}
    uintx ProfiledCodeHeapSize                     = 122909434                              {pd product} {ergonomic}
    uintx ReservedCodeCacheSize                    = 251658240                              {pd product} {ergonomic}
     bool SegmentedCodeCache                       = true                                      {product} {ergonomic}
   size_t SoftMaxHeapSize                          = 4225761280                             {manageable} {ergonomic}
     bool UseCompressedOops                        = true                           {product lp64_product} {ergonomic}
     bool UseG1GC                                  = true                                      {product} {ergonomic}
     bool UseLargePagesIndividualAllocation        = false                                  {pd product} {ergonomic}

Logging:
Log output configuration:
 #0: stdout all=warning uptime,level,tags foldmultilines=false
 #1: stderr all=off uptime,level,tags foldmultilines=false

Environment Variables:
JAVA_HOME=C:\Program Files\Java\jdk-21
PATH=C:\Program Files\Java\jdk-21\bin;C:\Program Files\Java\jdk-11\bin;C:\Program Files\Common Files\Oracle\Java\javapath;C:\Program Files (x86)\VMware\VMware Player\bin\;C:\Program Files\Microsoft\jdk-11.0.16.101-hotspot\bin;C:\Program Files\Eclipse Adoptium\jdk-17.0.7.7-hotspot\bin;C:\Python311\Scripts\;C:\Python311\;C:\Program Files\Python310\Scripts\;C:\Program Files\Python310\;C:\Windows\system32;C:\Windows;C:\Windows\System32\Wbem;C:\Windows\System32\WindowsPowerShell\v1.0\;C:\Windows\System32\OpenSSH\;C:\Program Files\dotnet\;C:\WINDOWS\system32;C:\WINDOWS;C:\WINDOWS\System32\Wbem;C:\WINDOWS\System32\WindowsPowerShell\v1.0\;C:\WINDOWS\System32\OpenSSH\;C:\Program Files\Git\cmd;C:\Program Files\nodejs\;C:\ProgramData\chocolatey\bin;C:\Users\golla\.m2\settings.xmlbin;C:\Program Files\Microsoft SQL Server\150\Tools\Binn\;C:\Program Files\Microsoft SQL Server\Client SDK\ODBC\170\Tools\Binn\;C:\Program Files (x86)\Microsoft SQL Server\160\Tools\Binn\;C:\Program Files\Microsoft SQL Server\160\Tools\Binn\;C:\Program Files\Microsoft SQL Server\160\DTS\Binn\;C:\Program Files (x86)\Microsoft SQL Server\160\DTS\Binn\;C:\Program Files\Azure Data Studio\bin;C:\Program Files\PuTTY\;C:\Program Files\apache-maven-3.8.8\bin;C:\Program Files\Docker\Docker\resources\bin;D:\gradle-8.12.1-bin\gradle-8.12.1\bin;C:\Program Files\MySQL\MySQL Shell 8.0\bin\;C:\Users\golla\AppData\Local\Microsoft\WindowsApps;C:\Users\golla\AppData\Local\Programs\Microsoft VS Code\bin;C:\Users\golla\AppData\Local\Programs\Hyper\resources\bin;C:\Users\golla\AppData\Roaming\npm;C:\Users\golla\AppData\Local\GitHubDesktop\bin;C:\Program Files\Azure Data Studio\bin;C:\Program Files\apache-maven-3.8.8\bin;C:\kubernetes;;C:\Program Files\JetBrains\IntelliJ IDEA Community Edition 2024.3.5\bin;;C:\Program Files\JetBrains\IntelliJ IDEA 2024.3.5\bin;;D:\PyCharm Community Edition 2024.3.5\bin;;C:\Users\golla\.dotnet\tools;C:\Users\golla\AppData\Local\Microsoft\WinGet\Links;
USERNAME=golla
OS=Windows_NT
PROCESSOR_IDENTIFIER=Intel64 Family 6 Model 140 Stepping 1, GenuineIntel
TMP=C:\Users\golla\AppData\Local\Temp
TEMP=C:\Users\golla\AppData\Local\Temp




Periodic native trim disabled

---------------  S Y S T E M  ---------------

OS:
 Windows 11 , 64 bit Build 26100 (10.0.26100.5074)
OS uptime: 0 days 4:27 hours
Hyper-V role detected

CPU: total 8 (initial active 8) (4 cores per cpu, 2 threads per core) family 6 model 140 stepping 1 microcode 0xbc, cx8, cmov, fxsr, ht, mmx, 3dnowpref, sse, sse2, sse3, ssse3, sse4.1, sse4.2, popcnt, lzcnt, tsc, tscinvbit, avx, avx2, aes, erms, clmul, bmi1, bmi2, adx, avx512f, avx512dq, avx512cd, avx512bw, avx512vl, sha, fma, vzeroupper, avx512_vpopcntdq, avx512_vpclmulqdq, avx512_vaes, avx512_vnni, clflush, clflushopt, clwb, avx512_vbmi2, avx512_vbmi, hv, rdtscp, rdpid, fsrm, gfni, avx512_bitalg, f16c, cet_ibt, cet_ss, avx512_ifma
Processor Information for all 8 processors :
  Max Mhz: 2803, Current Mhz: 2803, Mhz Limit: 2803

Memory: 4k page, system-wide physical 16118M (1492M free)
TotalPageFile size 23168M (AvailPageFile size 67M)
current process WorkingSet (physical memory assigned to process): 12M, peak: 12M
current process commit charge ("private bytes"): 60M, peak: 312M

vm_info: Java HotSpot(TM) 64-Bit Server VM (21.0.8+12-LTS-250) for windows-amd64 JRE (21.0.8+12-LTS-250), built on 2025-06-27T08:11:22Z by "mach5one" with MS VC++ 17.6 (VS2022)

END.
